# JRE version: Java(TM) SE Runtime Environment (8.0_231-b11) (build 1.8.0_231-b11)
# Java VM: Java HotSpot(TM) 64-Bit Server VM (25.231-b11 mixed mode windows-amd64 compressed oops)
Heap:
 PSYoungGen      total 298496K, used 221723K [0x00000000eda00000, 0x0000000100000000, 0x0000000100000000)
  eden space 295936K, 74% used [0x00000000eda00000,0x00000000fb12efd8,0x00000000ffb00000)
  from space 2560K, 53% used [0x00000000ffd80000,0x00000000ffed8000,0x0000000100000000)
  to   space 2560K, 0% used [0x00000000ffb00000,0x00000000ffb00000,0x00000000ffd80000)
 ParOldGen       total 37376K, used 33128K [0x00000000c8e00000, 0x00000000cb280000, 0x00000000eda00000)
  object space 37376K, 88% used [0x00000000c8e00000,0x00000000cae5a038,0x00000000cb280000)
 Metaspace       used 16440K, capacity 16644K, committed 17024K, reserved 1064960K
  class space    used 1731K, capacity 1808K, committed 1920K, reserved 1048576K
GC Heap History (10 events):
Event: 129.133 GC heap before
{Heap before GC invocations=117 (full 1):
 PSYoungGen      total 294400K, used 293728K [0x00000000eda00000, 0x0000000100000000, 0x0000000100000000)
  eden space 291840K, 100% used [0x00000000eda00000,0x00000000ff700000,0x00000000ff700000)
  from space 2560K, 73% used [0x00000000ff700000,0x00000000ff8d8000,0x00000000ff980000)
  to   space 2560K, 0% used [0x00000000ffd80000,0x00000000ffd80000,0x0000000100000000)
 ParOldGen       total 37376K, used 29080K [0x00000000c8e00000, 0x00000000cb280000, 0x00000000eda00000)
  object space 37376K, 77% used [0x00000000c8e00000,0x00000000caa66038,0x00000000cb280000)
 Metaspace       used 16433K, capacity 16612K, committed 16896K, reserved 1064960K
  class space    used 1727K, capacity 1776K, committed 1792K, reserved 1048576K
Event: 129.169 GC heap after
Heap after GC invocations=117 (full 1):
 PSYoungGen      total 298496K, used 1632K [0x00000000eda00000, 0x0000000100000000, 0x0000000100000000)
  eden space 295936K, 0% used [0x00000000eda00000,0x00000000eda00000,0x00000000ffb00000)
  from space 2560K, 63% used [0x00000000ffd80000,0x00000000fff18000,0x0000000100000000)
  to   space 2560K, 0% used [0x00000000ffb00000,0x00000000ffb00000,0x00000000ffd80000)
 ParOldGen       total 37376K, used 30112K [0x00000000c8e00000, 0x00000000cb280000, 0x00000000eda00000)
  object space 37376K, 80% used [0x00000000c8e00000,0x00000000cab68038,0x00000000cb280000)
 Metaspace       used 16433K, capacity 16612K, committed 16896K, reserved 1064960K
  class space    used 1727K, capacity 1776K, committed 1792K, reserved 1048576K
}
Event: 131.060 GC heap before
{Heap before GC invocations=118 (full 1):
 PSYoungGen      total 298496K, used 297568K [0x00000000eda00000, 0x0000000100000000, 0x0000000100000000)
  eden space 295936K, 100% used [0x00000000eda00000,0x00000000ffb00000,0x00000000ffb00000)
  from space 2560K, 63% used [0x00000000ffd80000,0x00000000fff18000,0x0000000100000000)
  to   space 2560K, 0% used [0x00000000ffb00000,0x00000000ffb00000,0x00000000ffd80000)
 ParOldGen       total 37376K, used 30112K [0x00000000c8e00000, 0x00000000cb280000, 0x00000000eda00000)
  object space 37376K, 80% used [0x00000000c8e00000,0x00000000cab68038,0x00000000cb280000)
 Metaspace       used 16433K, capacity 16612K, committed 16896K, reserved 1064960K
  class space    used 1727K, capacity 1776K, committed 1792K, reserved 1048576K
Event: 131.071 GC heap after
Heap after GC invocations=118 (full 1):
 PSYoungGen      total 298496K, used 1568K [0x00000000eda00000, 0x0000000100000000, 0x0000000100000000)
  eden space 295936K, 0% used [0x00000000eda00000,0x00000000eda00000,0x00000000ffb00000)
  from space 2560K, 61% used [0x00000000ffb00000,0x00000000ffc88000,0x00000000ffd80000)
  to   space 2560K, 0% used [0x00000000ffd80000,0x00000000ffd80000,0x0000000100000000)
 ParOldGen       total 37376K, used 30912K [0x00000000c8e00000, 0x00000000cb280000, 0x00000000eda00000)
  object space 37376K, 82% used [0x00000000c8e00000,0x00000000cac30038,0x00000000cb280000)
 Metaspace       used 16433K, capacity 16612K, committed 16896K, reserved 1064960K
  class space    used 1727K, capacity 1776K, committed 1792K, reserved 1048576K
}
Event: 133.728 GC heap before
{Heap before GC invocations=119 (full 1):
 PSYoungGen      total 298496K, used 297504K [0x00000000eda00000, 0x0000000100000000, 0x0000000100000000)
  eden space 295936K, 100% used [0x00000000eda00000,0x00000000ffb00000,0x00000000ffb00000)
  from space 2560K, 61% used [0x00000000ffb00000,0x00000000ffc88000,0x00000000ffd80000)
  to   space 2560K, 0% used [0x00000000ffd80000,0x00000000ffd80000,0x0000000100000000)
 ParOldGen       total 37376K, used 30912K [0x00000000c8e00000, 0x00000000cb280000, 0x00000000eda00000)
  object space 37376K, 82% used [0x00000000c8e00000,0x00000000cac30038,0x00000000cb280000)
 Metaspace       used 16433K, capacity 16612K, committed 16896K, reserved 1064960K
  class space    used 1727K, capacity 1776K, committed 1792K, reserved 1048576K
Event: 133.736 GC heap after
Heap after GC invocations=119 (full 1):
 PSYoungGen      total 298496K, used 1952K [0x00000000eda00000, 0x0000000100000000, 0x0000000100000000)
  eden space 295936K, 0% used [0x00000000eda00000,0x00000000eda00000,0x00000000ffb00000)
  from space 2560K, 76% used [0x00000000ffd80000,0x00000000fff68000,0x0000000100000000)
  to   space 2560K, 0% used [0x00000000ffb00000,0x00000000ffb00000,0x00000000ffd80000)
 ParOldGen       total 37376K, used 31528K [0x00000000c8e00000, 0x00000000cb280000, 0x00000000eda00000)
  object space 37376K, 84% used [0x00000000c8e00000,0x00000000cacca038,0x00000000cb280000)
 Metaspace       used 16433K, capacity 16612K, committed 16896K, reserved 1064960K
  class space    used 1727K, capacity 1776K, committed 1792K, reserved 1048576K
}
Event: 135.992 GC heap before
{Heap before GC invocations=120 (full 1):
 PSYoungGen      total 298496K, used 297888K [0x00000000eda00000, 0x0000000100000000, 0x0000000100000000)
  eden space 295936K, 100% used [0x00000000eda00000,0x00000000ffb00000,0x00000000ffb00000)
  from space 2560K, 76% used [0x00000000ffd80000,0x00000000fff68000,0x0000000100000000)
  to   space 2560K, 0% used [0x00000000ffb00000,0x00000000ffb00000,0x00000000ffd80000)
 ParOldGen       total 37376K, used 31528K [0x00000000c8e00000, 0x00000000cb280000, 0x00000000eda00000)
  object space 37376K, 84% used [0x00000000c8e00000,0x00000000cacca038,0x00000000cb280000)
 Metaspace       used 16433K, capacity 16612K, committed 16896K, reserved 1064960K
  class space    used 1727K, capacity 1776K, committed 1792K, reserved 1048576K
Event: 136.013 GC heap after
Heap after GC invocations=120 (full 1):
 PSYoungGen      total 298496K, used 1344K [0x00000000eda00000, 0x0000000100000000, 0x0000000100000000)
  eden space 295936K, 0% used [0x00000000eda00000,0x00000000eda00000,0x00000000ffb00000)
  from space 2560K, 52% used [0x00000000ffb00000,0x00000000ffc50000,0x00000000ffd80000)
  to   space 2560K, 0% used [0x00000000ffd80000,0x00000000ffd80000,0x0000000100000000)
 ParOldGen       total 37376K, used 32624K [0x00000000c8e00000, 0x00000000cb280000, 0x00000000eda00000)
  object space 37376K, 87% used [0x00000000c8e00000,0x00000000caddc038,0x00000000cb280000)
 Metaspace       used 16433K, capacity 16612K, committed 16896K, reserved 1064960K
  class space    used 1727K, capacity 1776K, committed 1792K, reserved 1048576K
}
Event: 138.180 GC heap before
{Heap before GC invocations=121 (full 1):
 PSYoungGen      total 298496K, used 297280K [0x00000000eda00000, 0x0000000100000000, 0x0000000100000000)
  eden space 295936K, 100% used [0x00000000eda00000,0x00000000ffb00000,0x00000000ffb00000)
  from space 2560K, 52% used [0x00000000ffb00000,0x00000000ffc50000,0x00000000ffd80000)
  to   space 2560K, 0% used [0x00000000ffd80000,0x00000000ffd80000,0x0000000100000000)
 ParOldGen       total 37376K, used 32624K [0x00000000c8e00000, 0x00000000cb280000, 0x00000000eda00000)
  object space 37376K, 87% used [0x00000000c8e00000,0x00000000caddc038,0x00000000cb280000)
 Metaspace       used 16433K, capacity 16612K, committed 16896K, reserved 1064960K
  class space    used 1727K, capacity 1776K, committed 1792K, reserved 1048576K
Event: 138.190 GC heap after
Heap after GC invocations=121 (full 1):
 PSYoungGen      total 298496K, used 1376K [0x00000000eda00000, 0x0000000100000000, 0x0000000100000000)
  eden space 295936K, 0% used [0x00000000eda00000,0x00000000eda00000,0x00000000ffb00000)
  from space 2560K, 53% used [0x00000000ffd80000,0x00000000ffed8000,0x0000000100000000)
  to   space 2560K, 0% used [0x00000000ffb00000,0x00000000ffb00000,0x00000000ffd80000)
 ParOldGen       total 37376K, used 33128K [0x00000000c8e00000, 0x00000000cb280000, 0x00000000eda00000)
  object space 37376K, 88% used [0x00000000c8e00000,0x00000000cae5a038,0x00000000cb280000)
 Metaspace       used 16433K, capacity 16612K, committed 16896K, reserved 1064960K
  class space    used 1727K, capacity 1776K, committed 1792K, reserved 1048576K
}

